2026-04-08T14:31:27.702+02:00  INFO 57244 --- [demo] [main] com.mohammed.demo.DemoApplicationTests   : Starting DemoApplicationTests using Java 25.0.2 with PID 57244 (started by mshaban in C:\Users\mshaban\source\repos\HelloSpring\demo)
2026-04-08T14:31:27.735+02:00 DEBUG 57244 --- [demo] [main] com.mohammed.demo.DemoApplicationTests   : Running with Spring Boot v3.5.13, Spring v6.2.17
2026-04-08T14:31:27.745+02:00  INFO 57244 --- [demo] [main] com.mohammed.demo.DemoApplicationTests   : The following 1 profile is active: "dev"
2026-04-08T14:31:33.314+02:00  INFO 57244 --- [demo] [main] .s.d.r.c.RepositoryConfigurationDelegate : Multiple Spring Data modules found, entering strict repository configuration mode
2026-04-08T14:31:33.323+02:00  INFO 57244 --- [demo] [main] .s.d.r.c.RepositoryConfigurationDelegate : Bootstrapping Spring Data JPA repositories in DEFAULT mode.
2026-04-08T14:31:34.498+02:00  INFO 57244 --- [demo] [main] .s.d.r.c.RepositoryConfigurationDelegate : Finished Spring Data repository scanning in 1061 ms. Found 2 JPA repository interfaces.
2026-04-08T14:31:34.673+02:00  INFO 57244 --- [demo] [main] .s.d.r.c.RepositoryConfigurationDelegate : Multiple Spring Data modules found, entering strict repository configuration mode
2026-04-08T14:31:34.682+02:00  INFO 57244 --- [demo] [main] .s.d.r.c.RepositoryConfigurationDelegate : Bootstrapping Spring Data Redis repositories in DEFAULT mode.
2026-04-08T14:31:34.752+02:00  INFO 57244 --- [demo] [main] .RepositoryConfigurationExtensionSupport : Spring Data Redis - Could not safely identify store assignment for repository candidate interface com.mohammed.demo.CategoryRepository; If you want this repository to be a Redis repository, consider annotating your entities with one of these annotations: org.springframework.data.redis.core.RedisHash (preferred), or consider extending one of the following types with your repository: org.springframework.data.keyvalue.repository.KeyValueRepository
2026-04-08T14:31:34.752+02:00  INFO 57244 --- [demo] [main] .RepositoryConfigurationExtensionSupport : Spring Data Redis - Could not safely identify store assignment for repository candidate interface com.mohammed.demo.ProductRepository; If you want this repository to be a Redis repository, consider annotating your entities with one of these annotations: org.springframework.data.redis.core.RedisHash (preferred), or consider extending one of the following types with your repository: org.springframework.data.keyvalue.repository.KeyValueRepository
2026-04-08T14:31:34.752+02:00  INFO 57244 --- [demo] [main] .s.d.r.c.RepositoryConfigurationDelegate : Finished Spring Data repository scanning in 30 ms. Found 0 Redis repository interfaces.
2026-04-08T14:31:40.159+02:00  INFO 57244 --- [demo] [main] o.hibernate.jpa.internal.util.LogHelper  : HHH000204: Processing PersistenceUnitInfo [name: default]
2026-04-08T14:31:40.647+02:00  INFO 57244 --- [demo] [main] org.hibernate.Version                    : HHH000412: Hibernate ORM core version 6.6.45.Final
2026-04-08T14:31:40.783+02:00  INFO 57244 --- [demo] [main] o.h.c.internal.RegionFactoryInitiator    : HHH000026: Second-level cache disabled
2026-04-08T14:31:42.509+02:00  INFO 57244 --- [demo] [main] o.s.o.j.p.SpringPersistenceUnitInfo      : No LoadTimeWeaver setup: ignoring JPA class transformer
2026-04-08T14:31:42.673+02:00  INFO 57244 --- [demo] [main] com.zaxxer.hikari.HikariDataSource       : HikariPool-1 - Starting...
2026-04-08T14:31:44.074+02:00  INFO 57244 --- [demo] [main] com.zaxxer.hikari.pool.HikariPool        : HikariPool-1 - Added connection org.postgresql.jdbc.PgConnection@2a504ea7
2026-04-08T14:31:44.079+02:00  INFO 57244 --- [demo] [main] com.zaxxer.hikari.HikariDataSource       : HikariPool-1 - Start completed.
2026-04-08T14:31:44.434+02:00  WARN 57244 --- [demo] [main] org.hibernate.orm.deprecation            : HHH90000025: PostgreSQLDialect does not need to be specified explicitly using 'hibernate.dialect' (remove the property setting and it will be selected by default)
2026-04-08T14:31:44.543+02:00  INFO 57244 --- [demo] [main] org.hibernate.orm.connections.pooling    : HHH10001005: Database info:
	Database JDBC URL [Connecting through datasource 'HikariDataSource (HikariPool-1)']
	Database driver: undefined/unknown
	Database version: 18.3
	Autocommit mode: undefined/unknown
	Isolation level: undefined/unknown
	Minimum pool size: undefined/unknown
	Maximum pool size: undefined/unknown
2026-04-08T14:31:50.488+02:00  INFO 57244 --- [demo] [main] o.h.e.t.j.p.i.JtaPlatformInitiator       : HHH000489: No JTA platform available (set 'hibernate.transaction.jta.platform' to enable JTA platform integration)
2026-04-08T14:31:52.803+02:00  INFO 57244 --- [demo] [main] j.LocalContainerEntityManagerFactoryBean : Initialized JPA EntityManagerFactory for persistence unit 'default'
2026-04-08T14:31:53.173+02:00  INFO 57244 --- [demo] [main] r$InitializeUserDetailsManagerConfigurer : Global AuthenticationManager configured with UserDetailsService bean with name userDetailsServiceImpl
2026-04-08T14:31:55.167+02:00  WARN 57244 --- [demo] [main] JpaBaseConfiguration$JpaWebConfiguration : spring.jpa.open-in-view is enabled by default. Therefore, database queries may be performed during view rendering. Explicitly configure spring.jpa.open-in-view to disable this warning
2026-04-08T14:31:59.113+02:00  WARN 57244 --- [demo] [main] o.s.s.c.a.web.builders.WebSecurity       : You are asking Spring Security to ignore Deferred [Mvc [pattern='/swagger-ui/**'], Ant [pattern='/swagger-ui/**']]. This is not recommended -- please use permitAll via HttpSecurity#authorizeHttpRequests instead.
2026-04-08T14:31:59.114+02:00  WARN 57244 --- [demo] [main] o.s.s.c.a.web.builders.WebSecurity       : You are asking Spring Security to ignore Deferred [Mvc [pattern='/swagger-ui.html'], Ant [pattern='/swagger-ui.html']]. This is not recommended -- please use permitAll via HttpSecurity#authorizeHttpRequests instead.
2026-04-08T14:31:59.114+02:00  WARN 57244 --- [demo] [main] o.s.s.c.a.web.builders.WebSecurity       : You are asking Spring Security to ignore Deferred [Mvc [pattern='/v3/api-docs/**'], Ant [pattern='/v3/api-docs/**']]. This is not recommended -- please use permitAll via HttpSecurity#authorizeHttpRequests instead.
2026-04-08T14:31:59.115+02:00  WARN 57244 --- [demo] [main] o.s.s.c.a.web.builders.WebSecurity       : You are asking Spring Security to ignore Deferred [Mvc [pattern='/v3/api-docs'], Ant [pattern='/v3/api-docs']]. This is not recommended -- please use permitAll via HttpSecurity#authorizeHttpRequests instead.
2026-04-08T14:31:59.115+02:00  WARN 57244 --- [demo] [main] o.s.s.c.a.web.builders.WebSecurity       : You are asking Spring Security to ignore Deferred [Mvc [pattern='/swagger-resources/**'], Ant [pattern='/swagger-resources/**']]. This is not recommended -- please use permitAll via HttpSecurity#authorizeHttpRequests instead.
2026-04-08T14:31:59.116+02:00  WARN 57244 --- [demo] [main] o.s.s.c.a.web.builders.WebSecurity       : You are asking Spring Security to ignore Deferred [Mvc [pattern='/webjars/**'], Ant [pattern='/webjars/**']]. This is not recommended -- please use permitAll via HttpSecurity#authorizeHttpRequests instead.
2026-04-08T14:31:59.449+02:00  INFO 57244 --- [demo] [main] com.mohammed.demo.DemoApplicationTests   : Started DemoApplicationTests in 33.224 seconds (process running for 42.468)
2026-04-08T14:32:03.228+02:00  INFO 57244 --- [demo] [main] com.mohammed.demo.ProductService         : Fetching product with id: 1
2026-04-08T14:32:03.315+02:00  INFO 57244 --- [demo] [main] com.mohammed.demo.ProductService         : Fetching product with id: 999
2026-04-08T14:32:03.316+02:00 ERROR 57244 --- [demo] [main] com.mohammed.demo.ProductService         : Product not found with id: 999
2026-04-08T14:32:03.332+02:00  INFO 57244 --- [demo] [main] com.mohammed.demo.ProductService         : Fetching all products from database
2026-04-08T14:32:03.360+02:00  INFO 57244 --- [demo] [main] com.mohammed.demo.ProductService         : Creating product with name: Laptop
2026-04-08T14:32:03.362+02:00  INFO 57244 --- [demo] [main] com.mohammed.demo.ProductService         : Product created successfully with id: 1
2026-04-08T14:32:03.445+02:00  INFO 57244 --- [demo] [main] com.mohammed.demo.ProductService         : Deleting product with id: 1
2026-04-08T14:32:03.447+02:00  INFO 57244 --- [demo] [main] com.mohammed.demo.ProductService         : Product deleted successfully with id: 1
2026-04-08T14:32:04.474+02:00  INFO 57244 --- [demo] [SpringApplicationShutdownHook] j.LocalContainerEntityManagerFactoryBean : Closing JPA EntityManagerFactory for persistence unit 'default'
2026-04-08T14:32:04.484+02:00  INFO 57244 --- [demo] [SpringApplicationShutdownHook] com.zaxxer.hikari.HikariDataSource       : HikariPool-1 - Shutdown initiated...
2026-04-08T14:32:04.563+02:00  INFO 57244 --- [demo] [SpringApplicationShutdownHook] com.zaxxer.hikari.HikariDataSource       : HikariPool-1 - Shutdown completed.
2026-04-08T14:41:16.291+02:00  INFO 14176 --- [demo] [main] com.mohammed.demo.DemoApplicationTests   : Starting DemoApplicationTests using Java 25.0.2 with PID 14176 (started by mshaban in C:\Users\mshaban\source\repos\HelloSpring\demo)
2026-04-08T14:41:16.298+02:00 DEBUG 14176 --- [demo] [main] com.mohammed.demo.DemoApplicationTests   : Running with Spring Boot v3.5.13, Spring v6.2.17
2026-04-08T14:41:16.300+02:00  INFO 14176 --- [demo] [main] com.mohammed.demo.DemoApplicationTests   : The following 1 profile is active: "dev"
2026-04-08T14:41:19.114+02:00  INFO 14176 --- [demo] [main] .s.d.r.c.RepositoryConfigurationDelegate : Multiple Spring Data modules found, entering strict repository configuration mode
2026-04-08T14:41:19.121+02:00  INFO 14176 --- [demo] [main] .s.d.r.c.RepositoryConfigurationDelegate : Bootstrapping Spring Data JPA repositories in DEFAULT mode.
2026-04-08T14:41:19.714+02:00  INFO 14176 --- [demo] [main] .s.d.r.c.RepositoryConfigurationDelegate : Finished Spring Data repository scanning in 550 ms. Found 2 JPA repository interfaces.
2026-04-08T14:41:19.807+02:00  INFO 14176 --- [demo] [main] .s.d.r.c.RepositoryConfigurationDelegate : Multiple Spring Data modules found, entering strict repository configuration mode
2026-04-08T14:41:19.812+02:00  INFO 14176 --- [demo] [main] .s.d.r.c.RepositoryConfigurationDelegate : Bootstrapping Spring Data Redis repositories in DEFAULT mode.
2026-04-08T14:41:19.891+02:00  INFO 14176 --- [demo] [main] .RepositoryConfigurationExtensionSupport : Spring Data Redis - Could not safely identify store assignment for repository candidate interface com.mohammed.demo.CategoryRepository; If you want this repository to be a Redis repository, consider annotating your entities with one of these annotations: org.springframework.data.redis.core.RedisHash (preferred), or consider extending one of the following types with your repository: org.springframework.data.keyvalue.repository.KeyValueRepository
2026-04-08T14:41:19.892+02:00  INFO 14176 --- [demo] [main] .RepositoryConfigurationExtensionSupport : Spring Data Redis - Could not safely identify store assignment for repository candidate interface com.mohammed.demo.ProductRepository; If you want this repository to be a Redis repository, consider annotating your entities with one of these annotations: org.springframework.data.redis.core.RedisHash (preferred), or consider extending one of the following types with your repository: org.springframework.data.keyvalue.repository.KeyValueRepository
2026-04-08T14:41:19.893+02:00  INFO 14176 --- [demo] [main] .s.d.r.c.RepositoryConfigurationDelegate : Finished Spring Data repository scanning in 26 ms. Found 0 Redis repository interfaces.
2026-04-08T14:41:23.179+02:00  INFO 14176 --- [demo] [main] o.hibernate.jpa.internal.util.LogHelper  : HHH000204: Processing PersistenceUnitInfo [name: default]
2026-04-08T14:41:23.425+02:00  INFO 14176 --- [demo] [main] org.hibernate.Version                    : HHH000412: Hibernate ORM core version 6.6.45.Final
2026-04-08T14:41:23.564+02:00  INFO 14176 --- [demo] [main] o.h.c.internal.RegionFactoryInitiator    : HHH000026: Second-level cache disabled
2026-04-08T14:41:24.765+02:00  INFO 14176 --- [demo] [main] o.s.o.j.p.SpringPersistenceUnitInfo      : No LoadTimeWeaver setup: ignoring JPA class transformer
2026-04-08T14:41:24.873+02:00  INFO 14176 --- [demo] [main] com.zaxxer.hikari.HikariDataSource       : HikariPool-1 - Starting...
2026-04-08T14:41:25.666+02:00  INFO 14176 --- [demo] [main] com.zaxxer.hikari.pool.HikariPool        : HikariPool-1 - Added connection org.postgresql.jdbc.PgConnection@75c77add
2026-04-08T14:41:25.670+02:00  INFO 14176 --- [demo] [main] com.zaxxer.hikari.HikariDataSource       : HikariPool-1 - Start completed.
2026-04-08T14:41:25.778+02:00  WARN 14176 --- [demo] [main] org.hibernate.orm.deprecation            : HHH90000025: PostgreSQLDialect does not need to be specified explicitly using 'hibernate.dialect' (remove the property setting and it will be selected by default)
2026-04-08T14:41:25.870+02:00  INFO 14176 --- [demo] [main] org.hibernate.orm.connections.pooling    : HHH10001005: Database info:
	Database JDBC URL [Connecting through datasource 'HikariDataSource (HikariPool-1)']
	Database driver: undefined/unknown
	Database version: 18.3
	Autocommit mode: undefined/unknown
	Isolation level: undefined/unknown
	Minimum pool size: undefined/unknown
	Maximum pool size: undefined/unknown
2026-04-08T14:41:29.121+02:00  INFO 14176 --- [demo] [main] o.h.e.t.j.p.i.JtaPlatformInitiator       : HHH000489: No JTA platform available (set 'hibernate.transaction.jta.platform' to enable JTA platform integration)
2026-04-08T14:41:29.373+02:00  INFO 14176 --- [demo] [main] j.LocalContainerEntityManagerFactoryBean : Initialized JPA EntityManagerFactory for persistence unit 'default'
2026-04-08T14:41:29.549+02:00  INFO 14176 --- [demo] [main] r$InitializeUserDetailsManagerConfigurer : Global AuthenticationManager configured with UserDetailsService bean with name userDetailsServiceImpl
2026-04-08T14:41:30.586+02:00  WARN 14176 --- [demo] [main] JpaBaseConfiguration$JpaWebConfiguration : spring.jpa.open-in-view is enabled by default. Therefore, database queries may be performed during view rendering. Explicitly configure spring.jpa.open-in-view to disable this warning
2026-04-08T14:41:33.183+02:00  WARN 14176 --- [demo] [main] o.s.s.c.a.web.builders.WebSecurity       : You are asking Spring Security to ignore Deferred [Mvc [pattern='/swagger-ui/**'], Ant [pattern='/swagger-ui/**']]. This is not recommended -- please use permitAll via HttpSecurity#authorizeHttpRequests instead.
2026-04-08T14:41:33.184+02:00  WARN 14176 --- [demo] [main] o.s.s.c.a.web.builders.WebSecurity       : You are asking Spring Security to ignore Deferred [Mvc [pattern='/swagger-ui.html'], Ant [pattern='/swagger-ui.html']]. This is not recommended -- please use permitAll via HttpSecurity#authorizeHttpRequests instead.
2026-04-08T14:41:33.185+02:00  WARN 14176 --- [demo] [main] o.s.s.c.a.web.builders.WebSecurity       : You are asking Spring Security to ignore Deferred [Mvc [pattern='/v3/api-docs/**'], Ant [pattern='/v3/api-docs/**']]. This is not recommended -- please use permitAll via HttpSecurity#authorizeHttpRequests instead.
2026-04-08T14:41:33.185+02:00  WARN 14176 --- [demo] [main] o.s.s.c.a.web.builders.WebSecurity       : You are asking Spring Security to ignore Deferred [Mvc [pattern='/v3/api-docs'], Ant [pattern='/v3/api-docs']]. This is not recommended -- please use permitAll via HttpSecurity#authorizeHttpRequests instead.
2026-04-08T14:41:33.186+02:00  WARN 14176 --- [demo] [main] o.s.s.c.a.web.builders.WebSecurity       : You are asking Spring Security to ignore Deferred [Mvc [pattern='/swagger-resources/**'], Ant [pattern='/swagger-resources/**']]. This is not recommended -- please use permitAll via HttpSecurity#authorizeHttpRequests instead.
2026-04-08T14:41:33.186+02:00  WARN 14176 --- [demo] [main] o.s.s.c.a.web.builders.WebSecurity       : You are asking Spring Security to ignore Deferred [Mvc [pattern='/webjars/**'], Ant [pattern='/webjars/**']]. This is not recommended -- please use permitAll via HttpSecurity#authorizeHttpRequests instead.
2026-04-08T14:41:33.387+02:00  INFO 14176 --- [demo] [main] com.mohammed.demo.DemoApplicationTests   : Started DemoApplicationTests in 18.055 seconds (process running for 22.693)
2026-04-08T14:41:35.470+02:00  INFO 14176 --- [demo] [main] com.mohammed.demo.ProductService         : Fetching product with id: 1
2026-04-08T14:41:35.576+02:00  INFO 14176 --- [demo] [main] com.mohammed.demo.ProductService         : Fetching product with id: 999
2026-04-08T14:41:35.577+02:00 ERROR 14176 --- [demo] [main] com.mohammed.demo.ProductService         : Product not found with id: 999
2026-04-08T14:41:35.597+02:00  INFO 14176 --- [demo] [main] com.mohammed.demo.ProductService         : Fetching all products from database
2026-04-08T14:41:35.625+02:00  INFO 14176 --- [demo] [main] com.mohammed.demo.ProductService         : Creating product with name: Laptop
2026-04-08T14:41:35.629+02:00  INFO 14176 --- [demo] [main] com.mohammed.demo.ProductService         : Product created successfully with id: 1
2026-04-08T14:41:35.642+02:00  INFO 14176 --- [demo] [main] com.mohammed.demo.ProductService         : Deleting product with id: 1
2026-04-08T14:41:35.644+02:00  INFO 14176 --- [demo] [main] com.mohammed.demo.ProductService         : Product deleted successfully with id: 1
2026-04-08T14:41:36.005+02:00  INFO 14176 --- [demo] [SpringApplicationShutdownHook] j.LocalContainerEntityManagerFactoryBean : Closing JPA EntityManagerFactory for persistence unit 'default'
2026-04-08T14:41:36.012+02:00  INFO 14176 --- [demo] [SpringApplicationShutdownHook] com.zaxxer.hikari.HikariDataSource       : HikariPool-1 - Shutdown initiated...
2026-04-08T14:41:36.025+02:00  INFO 14176 --- [demo] [SpringApplicationShutdownHook] com.zaxxer.hikari.HikariDataSource       : HikariPool-1 - Shutdown completed.
